2020-11-12 20:49:19,899 INFO o.s.t.c.s.AbstractTestContextBootstrapper [main] Neither @ContextConfiguration nor @ContextHierarchy found for test class [com.ocr.p9_patient.controler.PatientControlerTest], using SpringBootContextLoader
2020-11-12 20:49:19,908 INFO o.s.t.c.s.AbstractContextLoader [main] Could not detect default resource locations for test class [com.ocr.p9_patient.controler.PatientControlerTest]: no resource found for suffixes {-context.xml, Context.groovy}.
2020-11-12 20:49:19,909 INFO o.s.t.c.s.AnnotationConfigContextLoaderUtils [main] Could not detect default configuration classes for test class [com.ocr.p9_patient.controler.PatientControlerTest]: PatientControlerTest does not declare any static, non-private, non-final, nested classes annotated with @Configuration.
2020-11-12 20:49:20,059 INFO o.s.b.t.c.SpringBootTestContextBootstrapper [main] Found @SpringBootConfiguration com.ocr.p9_patient.P9PatientApplication for test class com.ocr.p9_patient.controler.PatientControlerTest
2020-11-12 20:49:20,141 INFO o.s.t.c.s.AbstractTestContextBootstrapper [main] Loaded default TestExecutionListener class names from location [META-INF/spring.factories]: [org.springframework.boot.test.mock.mockito.MockitoTestExecutionListener, org.springframework.boot.test.mock.mockito.ResetMocksTestExecutionListener, org.springframework.boot.test.autoconfigure.restdocs.RestDocsTestExecutionListener, org.springframework.boot.test.autoconfigure.web.client.MockRestServiceServerResetTestExecutionListener, org.springframework.boot.test.autoconfigure.web.servlet.MockMvcPrintOnlyOnFailureTestExecutionListener, org.springframework.boot.test.autoconfigure.web.servlet.WebDriverTestExecutionListener, org.springframework.test.context.web.ServletTestExecutionListener, org.springframework.test.context.support.DirtiesContextBeforeModesTestExecutionListener, org.springframework.test.context.support.DependencyInjectionTestExecutionListener, org.springframework.test.context.support.DirtiesContextTestExecutionListener, org.springframework.test.context.transaction.TransactionalTestExecutionListener, org.springframework.test.context.jdbc.SqlScriptsTestExecutionListener, org.springframework.test.context.event.EventPublishingTestExecutionListener]
2020-11-12 20:49:20,161 INFO o.s.t.c.s.AbstractTestContextBootstrapper [main] Using TestExecutionListeners: [org.springframework.test.context.web.ServletTestExecutionListener@2a76840c, org.springframework.test.context.support.DirtiesContextBeforeModesTestExecutionListener@71454b9d, org.springframework.boot.test.mock.mockito.MockitoTestExecutionListener@eda25e5, org.springframework.boot.test.autoconfigure.SpringBootDependencyInjectionTestExecutionListener@7cf6a5f9, org.springframework.test.context.support.DirtiesContextTestExecutionListener@623e088f, org.springframework.test.context.transaction.TransactionalTestExecutionListener@39fcbef6, org.springframework.test.context.jdbc.SqlScriptsTestExecutionListener@66565121, org.springframework.test.context.event.EventPublishingTestExecutionListener@2fc6f97f, org.springframework.boot.test.mock.mockito.ResetMocksTestExecutionListener@3d2ee678, org.springframework.boot.test.autoconfigure.restdocs.RestDocsTestExecutionListener@6179e425, org.springframework.boot.test.autoconfigure.web.client.MockRestServiceServerResetTestExecutionListener@35f26e72, org.springframework.boot.test.autoconfigure.web.servlet.MockMvcPrintOnlyOnFailureTestExecutionListener@2d6764b2, org.springframework.boot.test.autoconfigure.web.servlet.WebDriverTestExecutionListener@67304a40]
2020-11-12 20:49:20,493 INFO o.s.b.StartupInfoLogger [main] Starting PatientControlerTest on PO703394 with PID 40304 (started by S063912 in C:\Users\S063912\Git\P9_patient)
2020-11-12 20:49:20,502 INFO o.s.b.SpringApplication [main] No active profile set, falling back to default profiles: default
2020-11-12 20:49:21,666 INFO o.s.d.r.c.RepositoryConfigurationDelegate [main] Bootstrapping Spring Data JPA repositories in DEFAULT mode.
2020-11-12 20:49:21,755 INFO o.s.d.r.c.RepositoryConfigurationDelegate [main] Finished Spring Data repository scanning in 80ms. Found 1 JPA repository interfaces.
2020-11-12 20:49:22,405 INFO c.u.j.c.EnableEncryptablePropertiesBeanFactoryPostProcessor [main] Post-processing PropertySource instances
2020-11-12 20:49:22,445 INFO c.u.j.EncryptablePropertySourceConverter [main] Converting PropertySource Annotations [org.springframework.boot.test.autoconfigure.properties.AnnotationsPropertySource] to EncryptableEnumerablePropertySourceWrapper
2020-11-12 20:49:22,467 INFO c.u.j.EncryptablePropertySourceConverter [main] Converting PropertySource configurationProperties [org.springframework.boot.context.properties.source.ConfigurationPropertySourcesPropertySource] to AOP Proxy
2020-11-12 20:49:22,468 INFO c.u.j.EncryptablePropertySourceConverter [main] Converting PropertySource Inlined Test Properties [org.springframework.core.env.MapPropertySource] to EncryptableMapPropertySourceWrapper
2020-11-12 20:49:22,468 INFO c.u.j.EncryptablePropertySourceConverter [main] Converting PropertySource systemProperties [org.springframework.core.env.PropertiesPropertySource] to EncryptableMapPropertySourceWrapper
2020-11-12 20:49:22,468 INFO c.u.j.EncryptablePropertySourceConverter [main] Converting PropertySource systemEnvironment [org.springframework.boot.env.SystemEnvironmentPropertySourceEnvironmentPostProcessor$OriginAwareSystemEnvironmentPropertySource] to EncryptableSystemEnvironmentPropertySourceWrapper
2020-11-12 20:49:22,468 INFO c.u.j.EncryptablePropertySourceConverter [main] Converting PropertySource random [org.springframework.boot.env.RandomValuePropertySource] to EncryptablePropertySourceWrapper
2020-11-12 20:49:22,469 INFO c.u.j.EncryptablePropertySourceConverter [main] Converting PropertySource applicationConfig: [classpath:/application.properties] [org.springframework.boot.env.OriginTrackedMapPropertySource] to EncryptableMapPropertySourceWrapper
2020-11-12 20:49:22,499 INFO c.u.j.f.DefaultLazyPropertyFilter [main] Property Filter custom Bean not found with name 'encryptablePropertyFilter'. Initializing Default Property Filter
2020-11-12 20:49:22,655 INFO c.u.j.r.DefaultLazyPropertyResolver [main] Property Resolver custom Bean not found with name 'encryptablePropertyResolver'. Initializing Default Property Resolver
2020-11-12 20:49:22,660 INFO c.u.j.d.DefaultLazyPropertyDetector [main] Property Detector custom Bean not found with name 'encryptablePropertyDetector'. Initializing Default Property Detector
2020-11-12 20:49:22,888 INFO o.h.j.i.u.LogHelper [main] HHH000204: Processing PersistenceUnitInfo [name: default]
2020-11-12 20:49:22,974 INFO o.h.Version [main] HHH000412: Hibernate ORM core version 5.4.12.Final
2020-11-12 20:49:23,021 INFO o.h.a.c.r.j.JavaReflectionManager [main] HCANN000001: Hibernate Commons Annotations {5.1.0.Final}
2020-11-12 20:49:23,163 INFO c.z.h.HikariDataSource [main] HikariPool-1 - Starting...
2020-11-12 20:49:23,403 INFO c.z.h.HikariDataSource [main] HikariPool-1 - Start completed.
2020-11-12 20:49:23,428 INFO o.h.d.Dialect [main] HHH000400: Using dialect: org.hibernate.dialect.H2Dialect
2020-11-12 20:49:24,083 INFO o.h.e.t.j.p.i.JtaPlatformInitiator [main] HHH000490: Using JtaPlatform implementation: [org.hibernate.engine.transaction.jta.platform.internal.NoJtaPlatform]
2020-11-12 20:49:24,090 INFO o.s.o.j.AbstractEntityManagerFactoryBean [main] Initialized JPA EntityManagerFactory for persistence unit 'default'
2020-11-12 20:49:24,435 WARN o.s.b.a.o.j.JpaBaseConfiguration$JpaWebConfiguration [main] spring.jpa.open-in-view is enabled by default. Therefore, database queries may be performed during view rendering. Explicitly configure spring.jpa.open-in-view to disable this warning
2020-11-12 20:49:25,134 INFO o.s.s.c.ExecutorConfigurationSupport [main] Initializing ExecutorService 'applicationTaskExecutor'
2020-11-12 20:49:25,796 WARN o.s.b.a.g.t.GroovyTemplateAutoConfiguration$GroovyMarkupConfiguration [main] Cannot find template location: classpath:/templates/ (please add some templates, check your Groovy configuration, or set spring.groovy.template.check-template-location=false)
2020-11-12 20:49:26,210 INFO o.s.b.a.h.H2ConsoleAutoConfiguration [main] H2 console available at '/h2-console'. Database available at 'jdbc:h2:mem:mydbtest'
2020-11-12 20:49:26,312 INFO o.s.m.w.MockServletContext [main] Initializing Spring TestDispatcherServlet ''
2020-11-12 20:49:26,312 INFO o.s.w.s.FrameworkServlet [main] Initializing Servlet ''
2020-11-12 20:49:26,329 INFO o.s.w.s.FrameworkServlet [main] Completed initialization in 16 ms
2020-11-12 20:49:26,365 INFO o.s.b.StartupInfoLogger [main] Started PatientControlerTest in 6.17 seconds (JVM running for 9.466)
2020-11-12 20:49:26,616 INFO o.s.s.c.ExecutorConfigurationSupport [SpringContextShutdownHook] Shutting down ExecutorService 'applicationTaskExecutor'
2020-11-12 20:49:26,621 INFO o.s.o.j.AbstractEntityManagerFactoryBean [SpringContextShutdownHook] Closing JPA EntityManagerFactory for persistence unit 'default'
2020-11-12 20:49:26,621 INFO o.h.t.s.i.SchemaDropperImpl$DelayedDropActionImpl [SpringContextShutdownHook] HHH000477: Starting delayed evictData of schema as part of SessionFactory shut-down'
2020-11-12 20:49:26,628 INFO c.z.h.HikariDataSource [SpringContextShutdownHook] HikariPool-1 - Shutdown initiated...
2020-11-12 20:49:26,632 INFO c.z.h.HikariDataSource [SpringContextShutdownHook] HikariPool-1 - Shutdown completed.
