2020-11-12 16:26:44,083 INFO o.s.t.c.s.AbstractTestContextBootstrapper [main] Neither @ContextConfiguration nor @ContextHierarchy found for test class [com.ocr.p9_patient.service.PatientServiceIntgTest], using SpringBootContextLoader
2020-11-12 16:26:44,094 INFO o.s.t.c.s.AbstractContextLoader [main] Could not detect default resource locations for test class [com.ocr.p9_patient.service.PatientServiceIntgTest]: no resource found for suffixes {-context.xml, Context.groovy}.
2020-11-12 16:26:44,096 INFO o.s.t.c.s.AnnotationConfigContextLoaderUtils [main] Could not detect default configuration classes for test class [com.ocr.p9_patient.service.PatientServiceIntgTest]: PatientServiceIntgTest does not declare any static, non-private, non-final, nested classes annotated with @Configuration.
2020-11-12 16:26:44,236 INFO o.s.b.t.c.SpringBootTestContextBootstrapper [main] Found @SpringBootConfiguration com.ocr.p9_patient.P9PatientApplication for test class com.ocr.p9_patient.service.PatientServiceIntgTest
2020-11-12 16:26:44,339 INFO o.s.t.c.s.AbstractTestContextBootstrapper [main] Loaded default TestExecutionListener class names from location [META-INF/spring.factories]: [org.springframework.boot.test.mock.mockito.MockitoTestExecutionListener, org.springframework.boot.test.mock.mockito.ResetMocksTestExecutionListener, org.springframework.boot.test.autoconfigure.restdocs.RestDocsTestExecutionListener, org.springframework.boot.test.autoconfigure.web.client.MockRestServiceServerResetTestExecutionListener, org.springframework.boot.test.autoconfigure.web.servlet.MockMvcPrintOnlyOnFailureTestExecutionListener, org.springframework.boot.test.autoconfigure.web.servlet.WebDriverTestExecutionListener, org.springframework.test.context.web.ServletTestExecutionListener, org.springframework.test.context.support.DirtiesContextBeforeModesTestExecutionListener, org.springframework.test.context.support.DependencyInjectionTestExecutionListener, org.springframework.test.context.support.DirtiesContextTestExecutionListener, org.springframework.test.context.transaction.TransactionalTestExecutionListener, org.springframework.test.context.jdbc.SqlScriptsTestExecutionListener, org.springframework.test.context.event.EventPublishingTestExecutionListener, org.springframework.security.test.context.support.WithSecurityContextTestExecutionListener, org.springframework.security.test.context.support.ReactorContextTestExecutionListener]
2020-11-12 16:26:44,378 INFO o.s.t.c.s.AbstractTestContextBootstrapper [main] Using TestExecutionListeners: [org.springframework.test.context.web.ServletTestExecutionListener@324a0017, org.springframework.test.context.support.DirtiesContextBeforeModesTestExecutionListener@6187d1f5, org.springframework.boot.test.mock.mockito.MockitoTestExecutionListener@2445445a, org.springframework.boot.test.autoconfigure.SpringBootDependencyInjectionTestExecutionListener@7502291e, org.springframework.test.context.support.DirtiesContextTestExecutionListener@17aad511, org.springframework.test.context.transaction.TransactionalTestExecutionListener@487db668, org.springframework.test.context.jdbc.SqlScriptsTestExecutionListener@46944ca9, org.springframework.test.context.event.EventPublishingTestExecutionListener@22bac7bc, org.springframework.security.test.context.support.WithSecurityContextTestExecutionListener@63798ca7, org.springframework.security.test.context.support.ReactorContextTestExecutionListener@4612b856, org.springframework.boot.test.mock.mockito.ResetMocksTestExecutionListener@22875539, org.springframework.boot.test.autoconfigure.restdocs.RestDocsTestExecutionListener@5674e1f2, org.springframework.boot.test.autoconfigure.web.client.MockRestServiceServerResetTestExecutionListener@79c7532f, org.springframework.boot.test.autoconfigure.web.servlet.MockMvcPrintOnlyOnFailureTestExecutionListener@2a448449, org.springframework.boot.test.autoconfigure.web.servlet.WebDriverTestExecutionListener@32f232a5]
2020-11-12 16:26:44,709 INFO o.s.b.StartupInfoLogger [main] Starting PatientServiceIntgTest on PO703394 with PID 14620 (started by S063912 in C:\Users\S063912\Git\P9_patient)
2020-11-12 16:26:44,718 INFO o.s.b.SpringApplication [main] No active profile set, falling back to default profiles: default
2020-11-12 16:26:45,876 INFO o.s.d.r.c.RepositoryConfigurationDelegate [main] Bootstrapping Spring Data JPA repositories in DEFAULT mode.
2020-11-12 16:26:45,938 INFO o.s.d.r.c.RepositoryConfigurationDelegate [main] Finished Spring Data repository scanning in 54ms. Found 1 JPA repository interfaces.
2020-11-12 16:26:46,247 INFO c.u.j.c.EnableEncryptablePropertiesBeanFactoryPostProcessor [main] Post-processing PropertySource instances
2020-11-12 16:26:46,307 INFO c.u.j.EncryptablePropertySourceConverter [main] Converting PropertySource configurationProperties [org.springframework.boot.context.properties.source.ConfigurationPropertySourcesPropertySource] to AOP Proxy
2020-11-12 16:26:46,307 INFO c.u.j.EncryptablePropertySourceConverter [main] Converting PropertySource Inlined Test Properties [org.springframework.core.env.MapPropertySource] to EncryptableMapPropertySourceWrapper
2020-11-12 16:26:46,308 INFO c.u.j.EncryptablePropertySourceConverter [main] Converting PropertySource systemProperties [org.springframework.core.env.PropertiesPropertySource] to EncryptableMapPropertySourceWrapper
2020-11-12 16:26:46,308 INFO c.u.j.EncryptablePropertySourceConverter [main] Converting PropertySource systemEnvironment [org.springframework.boot.env.SystemEnvironmentPropertySourceEnvironmentPostProcessor$OriginAwareSystemEnvironmentPropertySource] to EncryptableSystemEnvironmentPropertySourceWrapper
2020-11-12 16:26:46,308 INFO c.u.j.EncryptablePropertySourceConverter [main] Converting PropertySource random [org.springframework.boot.env.RandomValuePropertySource] to EncryptablePropertySourceWrapper
2020-11-12 16:26:46,308 INFO c.u.j.EncryptablePropertySourceConverter [main] Converting PropertySource applicationConfig: [classpath:/application.properties] [org.springframework.boot.env.OriginTrackedMapPropertySource] to EncryptableMapPropertySourceWrapper
2020-11-12 16:26:46,344 INFO c.u.j.f.DefaultLazyPropertyFilter [main] Property Filter custom Bean not found with name 'encryptablePropertyFilter'. Initializing Default Property Filter
2020-11-12 16:26:46,522 INFO c.u.j.r.DefaultLazyPropertyResolver [main] Property Resolver custom Bean not found with name 'encryptablePropertyResolver'. Initializing Default Property Resolver
2020-11-12 16:26:46,526 INFO c.u.j.d.DefaultLazyPropertyDetector [main] Property Detector custom Bean not found with name 'encryptablePropertyDetector'. Initializing Default Property Detector
2020-11-12 16:26:46,726 INFO o.h.j.i.u.LogHelper [main] HHH000204: Processing PersistenceUnitInfo [name: default]
2020-11-12 16:26:46,811 INFO o.h.Version [main] HHH000412: Hibernate ORM core version 5.4.12.Final
2020-11-12 16:26:47,015 INFO o.h.a.c.r.j.JavaReflectionManager [main] HCANN000001: Hibernate Commons Annotations {5.1.0.Final}
2020-11-12 16:26:47,126 INFO c.z.h.HikariDataSource [main] HikariPool-1 - Starting...
2020-11-12 16:26:47,329 INFO c.z.h.HikariDataSource [main] HikariPool-1 - Start completed.
2020-11-12 16:26:47,350 INFO o.h.d.Dialect [main] HHH000400: Using dialect: org.hibernate.dialect.H2Dialect
2020-11-12 16:26:48,028 INFO o.h.e.t.j.p.i.JtaPlatformInitiator [main] HHH000490: Using JtaPlatform implementation: [org.hibernate.engine.transaction.jta.platform.internal.NoJtaPlatform]
2020-11-12 16:26:48,035 INFO o.s.o.j.AbstractEntityManagerFactoryBean [main] Initialized JPA EntityManagerFactory for persistence unit 'default'
2020-11-12 16:26:48,775 WARN o.s.b.a.o.j.JpaBaseConfiguration$JpaWebConfiguration [main] spring.jpa.open-in-view is enabled by default. Therefore, database queries may be performed during view rendering. Explicitly configure spring.jpa.open-in-view to disable this warning
2020-11-12 16:26:49,180 INFO o.s.s.c.ExecutorConfigurationSupport [main] Initializing ExecutorService 'applicationTaskExecutor'
2020-11-12 16:26:49,501 WARN o.s.b.a.t.ThymeleafAutoConfiguration$DefaultTemplateResolverConfiguration [main] Cannot find template location: classpath:/templates/ (please add some templates or check your Thymeleaf configuration)
2020-11-12 16:26:49,963 INFO o.s.b.a.s.s.UserDetailsServiceAutoConfiguration [main] 

Using generated security password: 36796b73-3084-4244-a531-4bfb48375198

2020-11-12 16:26:50,280 INFO o.s.s.w.DefaultSecurityFilterChain [main] Creating filter chain: any request, [org.springframework.security.web.context.request.async.WebAsyncManagerIntegrationFilter@2cc97e47, org.springframework.security.web.context.SecurityContextPersistenceFilter@f6bc75c, org.springframework.security.web.header.HeaderWriterFilter@1e6bd367, org.springframework.security.web.csrf.CsrfFilter@1ef04613, org.springframework.security.web.authentication.logout.LogoutFilter@5cf3a7f9, org.springframework.security.web.authentication.UsernamePasswordAuthenticationFilter@155c7eae, org.springframework.security.web.authentication.ui.DefaultLoginPageGeneratingFilter@27d6267e, org.springframework.security.web.authentication.ui.DefaultLogoutPageGeneratingFilter@74a03bd5, org.springframework.security.web.authentication.www.BasicAuthenticationFilter@43de9fc9, org.springframework.security.web.savedrequest.RequestCacheAwareFilter@bea283b, org.springframework.security.web.servletapi.SecurityContextHolderAwareRequestFilter@16c8e9b8, org.springframework.security.web.authentication.AnonymousAuthenticationFilter@87fc0fc, org.springframework.security.web.session.SessionManagementFilter@3601549f, org.springframework.security.web.access.ExceptionTranslationFilter@456b140f, org.springframework.security.web.access.intercept.FilterSecurityInterceptor@5296f00c]
2020-11-12 16:26:50,346 WARN o.s.b.a.g.t.GroovyTemplateAutoConfiguration$GroovyMarkupConfiguration [main] Cannot find template location: classpath:/templates/ (please add some templates, check your Groovy configuration, or set spring.groovy.template.check-template-location=false)
2020-11-12 16:26:50,951 INFO o.s.b.a.h.H2ConsoleAutoConfiguration [main] H2 console available at '/h2-console'. Database available at 'jdbc:h2:mem:mydbtest'
2020-11-12 16:26:51,079 INFO o.s.b.StartupInfoLogger [main] Started PatientServiceIntgTest in 6.656 seconds (JVM running for 10.064)
2020-11-12 16:26:51,320 INFO o.s.s.c.ExecutorConfigurationSupport [SpringContextShutdownHook] Shutting down ExecutorService 'applicationTaskExecutor'
2020-11-12 16:26:51,332 INFO o.s.o.j.AbstractEntityManagerFactoryBean [SpringContextShutdownHook] Closing JPA EntityManagerFactory for persistence unit 'default'
2020-11-12 16:26:51,333 INFO o.h.t.s.i.SchemaDropperImpl$DelayedDropActionImpl [SpringContextShutdownHook] HHH000477: Starting delayed evictData of schema as part of SessionFactory shut-down'
2020-11-12 16:26:51,346 INFO c.z.h.HikariDataSource [SpringContextShutdownHook] HikariPool-1 - Shutdown initiated...
2020-11-12 16:26:51,352 INFO c.z.h.HikariDataSource [SpringContextShutdownHook] HikariPool-1 - Shutdown completed.
