2020-11-12 16:32:22,171 INFO o.s.t.c.s.AbstractTestContextBootstrapper [main] Neither @ContextConfiguration nor @ContextHierarchy found for test class [com.ocr.p9_patient.service.PatientServiceIntgTest], using SpringBootContextLoader
2020-11-12 16:32:22,180 INFO o.s.t.c.s.AbstractContextLoader [main] Could not detect default resource locations for test class [com.ocr.p9_patient.service.PatientServiceIntgTest]: no resource found for suffixes {-context.xml, Context.groovy}.
2020-11-12 16:32:22,181 INFO o.s.t.c.s.AnnotationConfigContextLoaderUtils [main] Could not detect default configuration classes for test class [com.ocr.p9_patient.service.PatientServiceIntgTest]: PatientServiceIntgTest does not declare any static, non-private, non-final, nested classes annotated with @Configuration.
2020-11-12 16:32:22,321 INFO o.s.b.t.c.SpringBootTestContextBootstrapper [main] Found @SpringBootConfiguration com.ocr.p9_patient.P9PatientApplication for test class com.ocr.p9_patient.service.PatientServiceIntgTest
2020-11-12 16:32:22,402 INFO o.s.t.c.s.AbstractTestContextBootstrapper [main] Loaded default TestExecutionListener class names from location [META-INF/spring.factories]: [org.springframework.boot.test.mock.mockito.MockitoTestExecutionListener, org.springframework.boot.test.mock.mockito.ResetMocksTestExecutionListener, org.springframework.boot.test.autoconfigure.restdocs.RestDocsTestExecutionListener, org.springframework.boot.test.autoconfigure.web.client.MockRestServiceServerResetTestExecutionListener, org.springframework.boot.test.autoconfigure.web.servlet.MockMvcPrintOnlyOnFailureTestExecutionListener, org.springframework.boot.test.autoconfigure.web.servlet.WebDriverTestExecutionListener, org.springframework.test.context.web.ServletTestExecutionListener, org.springframework.test.context.support.DirtiesContextBeforeModesTestExecutionListener, org.springframework.test.context.support.DependencyInjectionTestExecutionListener, org.springframework.test.context.support.DirtiesContextTestExecutionListener, org.springframework.test.context.transaction.TransactionalTestExecutionListener, org.springframework.test.context.jdbc.SqlScriptsTestExecutionListener, org.springframework.test.context.event.EventPublishingTestExecutionListener, org.springframework.security.test.context.support.WithSecurityContextTestExecutionListener, org.springframework.security.test.context.support.ReactorContextTestExecutionListener]
2020-11-12 16:32:22,443 INFO o.s.t.c.s.AbstractTestContextBootstrapper [main] Using TestExecutionListeners: [org.springframework.test.context.web.ServletTestExecutionListener@70f59913, org.springframework.test.context.support.DirtiesContextBeforeModesTestExecutionListener@77258e59, org.springframework.boot.test.mock.mockito.MockitoTestExecutionListener@5dcd8c7a, org.springframework.boot.test.autoconfigure.SpringBootDependencyInjectionTestExecutionListener@2250b9f2, org.springframework.test.context.support.DirtiesContextTestExecutionListener@7e3181aa, org.springframework.test.context.transaction.TransactionalTestExecutionListener@253d9f73, org.springframework.test.context.jdbc.SqlScriptsTestExecutionListener@142269f2, org.springframework.test.context.event.EventPublishingTestExecutionListener@331acdad, org.springframework.security.test.context.support.WithSecurityContextTestExecutionListener@41d426b5, org.springframework.security.test.context.support.ReactorContextTestExecutionListener@8dbfffb, org.springframework.boot.test.mock.mockito.ResetMocksTestExecutionListener@f316aeb, org.springframework.boot.test.autoconfigure.restdocs.RestDocsTestExecutionListener@6aa3a905, org.springframework.boot.test.autoconfigure.web.client.MockRestServiceServerResetTestExecutionListener@a22cb6a, org.springframework.boot.test.autoconfigure.web.servlet.MockMvcPrintOnlyOnFailureTestExecutionListener@5dd1c9f2, org.springframework.boot.test.autoconfigure.web.servlet.WebDriverTestExecutionListener@59b38691]
2020-11-12 16:32:22,758 INFO o.s.b.StartupInfoLogger [main] Starting PatientServiceIntgTest on PO703394 with PID 1308 (started by S063912 in C:\Users\S063912\Git\P9_patient)
2020-11-12 16:32:22,767 INFO o.s.b.SpringApplication [main] No active profile set, falling back to default profiles: default
2020-11-12 16:32:23,898 INFO o.s.d.r.c.RepositoryConfigurationDelegate [main] Bootstrapping Spring Data JPA repositories in DEFAULT mode.
2020-11-12 16:32:23,957 INFO o.s.d.r.c.RepositoryConfigurationDelegate [main] Finished Spring Data repository scanning in 52ms. Found 1 JPA repository interfaces.
2020-11-12 16:32:24,255 INFO c.u.j.c.EnableEncryptablePropertiesBeanFactoryPostProcessor [main] Post-processing PropertySource instances
2020-11-12 16:32:24,317 INFO c.u.j.EncryptablePropertySourceConverter [main] Converting PropertySource configurationProperties [org.springframework.boot.context.properties.source.ConfigurationPropertySourcesPropertySource] to AOP Proxy
2020-11-12 16:32:24,318 INFO c.u.j.EncryptablePropertySourceConverter [main] Converting PropertySource Inlined Test Properties [org.springframework.core.env.MapPropertySource] to EncryptableMapPropertySourceWrapper
2020-11-12 16:32:24,318 INFO c.u.j.EncryptablePropertySourceConverter [main] Converting PropertySource systemProperties [org.springframework.core.env.PropertiesPropertySource] to EncryptableMapPropertySourceWrapper
2020-11-12 16:32:24,318 INFO c.u.j.EncryptablePropertySourceConverter [main] Converting PropertySource systemEnvironment [org.springframework.boot.env.SystemEnvironmentPropertySourceEnvironmentPostProcessor$OriginAwareSystemEnvironmentPropertySource] to EncryptableSystemEnvironmentPropertySourceWrapper
2020-11-12 16:32:24,318 INFO c.u.j.EncryptablePropertySourceConverter [main] Converting PropertySource random [org.springframework.boot.env.RandomValuePropertySource] to EncryptablePropertySourceWrapper
2020-11-12 16:32:24,319 INFO c.u.j.EncryptablePropertySourceConverter [main] Converting PropertySource applicationConfig: [classpath:/application.properties] [org.springframework.boot.env.OriginTrackedMapPropertySource] to EncryptableMapPropertySourceWrapper
2020-11-12 16:32:24,354 INFO c.u.j.f.DefaultLazyPropertyFilter [main] Property Filter custom Bean not found with name 'encryptablePropertyFilter'. Initializing Default Property Filter
2020-11-12 16:32:24,520 INFO c.u.j.r.DefaultLazyPropertyResolver [main] Property Resolver custom Bean not found with name 'encryptablePropertyResolver'. Initializing Default Property Resolver
2020-11-12 16:32:24,524 INFO c.u.j.d.DefaultLazyPropertyDetector [main] Property Detector custom Bean not found with name 'encryptablePropertyDetector'. Initializing Default Property Detector
2020-11-12 16:32:24,735 INFO o.h.j.i.u.LogHelper [main] HHH000204: Processing PersistenceUnitInfo [name: default]
2020-11-12 16:32:24,830 INFO o.h.Version [main] HHH000412: Hibernate ORM core version 5.4.12.Final
2020-11-12 16:32:24,988 INFO o.h.a.c.r.j.JavaReflectionManager [main] HCANN000001: Hibernate Commons Annotations {5.1.0.Final}
2020-11-12 16:32:25,104 INFO c.z.h.HikariDataSource [main] HikariPool-1 - Starting...
2020-11-12 16:32:25,330 INFO c.z.h.HikariDataSource [main] HikariPool-1 - Start completed.
2020-11-12 16:32:25,352 INFO o.h.d.Dialect [main] HHH000400: Using dialect: org.hibernate.dialect.H2Dialect
2020-11-12 16:32:26,024 INFO o.h.e.t.j.p.i.JtaPlatformInitiator [main] HHH000490: Using JtaPlatform implementation: [org.hibernate.engine.transaction.jta.platform.internal.NoJtaPlatform]
2020-11-12 16:32:26,031 INFO o.s.o.j.AbstractEntityManagerFactoryBean [main] Initialized JPA EntityManagerFactory for persistence unit 'default'
2020-11-12 16:32:26,763 WARN o.s.b.a.o.j.JpaBaseConfiguration$JpaWebConfiguration [main] spring.jpa.open-in-view is enabled by default. Therefore, database queries may be performed during view rendering. Explicitly configure spring.jpa.open-in-view to disable this warning
2020-11-12 16:32:27,183 INFO o.s.s.c.ExecutorConfigurationSupport [main] Initializing ExecutorService 'applicationTaskExecutor'
2020-11-12 16:32:27,478 WARN o.s.b.a.t.ThymeleafAutoConfiguration$DefaultTemplateResolverConfiguration [main] Cannot find template location: classpath:/templates/ (please add some templates or check your Thymeleaf configuration)
2020-11-12 16:32:27,907 INFO o.s.b.a.s.s.UserDetailsServiceAutoConfiguration [main] 

Using generated security password: c68814f0-3a06-4736-8c5d-63ab27c4d0d4

2020-11-12 16:32:28,233 INFO o.s.s.w.DefaultSecurityFilterChain [main] Creating filter chain: any request, [org.springframework.security.web.context.request.async.WebAsyncManagerIntegrationFilter@74a03bd5, org.springframework.security.web.context.SecurityContextPersistenceFilter@33f2cf82, org.springframework.security.web.header.HeaderWriterFilter@2bd7f686, org.springframework.security.web.csrf.CsrfFilter@2d3d4a54, org.springframework.security.web.authentication.logout.LogoutFilter@42db955e, org.springframework.security.web.authentication.UsernamePasswordAuthenticationFilter@5c9e6d95, org.springframework.security.web.authentication.ui.DefaultLoginPageGeneratingFilter@512dc0e0, org.springframework.security.web.authentication.ui.DefaultLogoutPageGeneratingFilter@87fc0fc, org.springframework.security.web.authentication.www.BasicAuthenticationFilter@2d3eb1ea, org.springframework.security.web.savedrequest.RequestCacheAwareFilter@73852720, org.springframework.security.web.servletapi.SecurityContextHolderAwareRequestFilter@7030b74c, org.springframework.security.web.authentication.AnonymousAuthenticationFilter@671f545b, org.springframework.security.web.session.SessionManagementFilter@5b2c7186, org.springframework.security.web.access.ExceptionTranslationFilter@2459333a, org.springframework.security.web.access.intercept.FilterSecurityInterceptor@4727e5fc]
2020-11-12 16:32:28,293 WARN o.s.b.a.g.t.GroovyTemplateAutoConfiguration$GroovyMarkupConfiguration [main] Cannot find template location: classpath:/templates/ (please add some templates, check your Groovy configuration, or set spring.groovy.template.check-template-location=false)
2020-11-12 16:32:28,796 INFO o.s.b.a.h.H2ConsoleAutoConfiguration [main] H2 console available at '/h2-console'. Database available at 'jdbc:h2:mem:mydbtest'
2020-11-12 16:32:28,901 INFO o.s.b.StartupInfoLogger [main] Started PatientServiceIntgTest in 6.42 seconds (JVM running for 9.724)
2020-11-12 16:32:29,104 INFO o.s.s.c.ExecutorConfigurationSupport [SpringContextShutdownHook] Shutting down ExecutorService 'applicationTaskExecutor'
2020-11-12 16:32:29,107 INFO o.s.o.j.AbstractEntityManagerFactoryBean [SpringContextShutdownHook] Closing JPA EntityManagerFactory for persistence unit 'default'
2020-11-12 16:32:29,108 INFO o.h.t.s.i.SchemaDropperImpl$DelayedDropActionImpl [SpringContextShutdownHook] HHH000477: Starting delayed evictData of schema as part of SessionFactory shut-down'
2020-11-12 16:32:29,115 INFO c.z.h.HikariDataSource [SpringContextShutdownHook] HikariPool-1 - Shutdown initiated...
2020-11-12 16:32:29,119 INFO c.z.h.HikariDataSource [SpringContextShutdownHook] HikariPool-1 - Shutdown completed.
